<?xml version="1.0" encoding="UTF-8"?>
<!-- Generated by org.testng.reporters.JUnitReportReporter -->
<testsuite hostname="suryagobi" failures="0" tests="1" name="com.BitGo.BitGo" time="3.647" errors="0" timestamp="2023-07-28T16:59:24 IST" skipped="0">
  <testcase classname="com.BitGo.BitGo" name="urlPage" time="3.647"/>
  <system-out/>
</testsuite> <!-- com.BitGo.BitGo -->
